<?xml version="1.0" encoding="UTF-8"?>
<robot generated="20180809 18:09:35.453" generator="Robot 3.0.4 (Python 2.7.15 on win32)">
<suite source="C:\Users\Alex.Lundberg\SimpleGUI\src\GUILibrary\bin\Debug\Device_Management.robot" id="s1" name="Device Management">
<kw type="setup" name="Setup IntelliLink" library="keywords">
<kw name="Directory Should Exist" library="OperatingSystem">
<doc>Fails unless the given path points to an existing directory.</doc>
<arguments>
<arg>${APP_DIR}</arg>
</arguments>
<msg timestamp="20180809 18:09:35.694" html="yes" level="INFO">Directory '&lt;a href="file://C:\Program Files (x86)\S&amp;C Electric\IntelliLink6"&gt;C:\Program Files (x86)\S&amp;C Electric\IntelliLink6&lt;/a&gt;' exists.</msg>
<status status="PASS" endtime="20180809 18:09:35.695" starttime="20180809 18:09:35.694"></status>
</kw>
<kw name="File Should Exist" library="OperatingSystem">
<doc>Fails unless the given ``path`` points to an existing file.</doc>
<arguments>
<arg>${APP_DIR}${APP}</arg>
</arguments>
<msg timestamp="20180809 18:09:35.695" html="yes" level="INFO">File '&lt;a href="file://C:\Program Files (x86)\S&amp;C Electric\IntelliLink6\IntelliShell.exe"&gt;C:\Program Files (x86)\S&amp;C Electric\IntelliLink6\IntelliShell.exe&lt;/a&gt;' exists.</msg>
<status status="PASS" endtime="20180809 18:09:35.695" starttime="20180809 18:09:35.695"></status>
</kw>
<status status="PASS" endtime="20180809 18:09:35.695" starttime="20180809 18:09:35.694"></status>
</kw>
<test id="s1-t1" name="Phase Fault Detection Current Level Boundary Test">
<kw type="setup" name="Navigate to Setup&gt;General&gt;Fault Detection" library="keywords">
<kw name="Set Window" library="GUILibraryPy">
<arguments>
<arg>SG6801(#1) - S&amp;C IntelliLink Setup Software [611.23]</arg>
</arguments>
<status status="PASS" endtime="20180809 18:09:35.719" starttime="20180809 18:09:35.696"></status>
</kw>
<kw name="Click" library="GUILibraryPy">
<arguments>
<arg>title:Setup,class:TextBlock</arg>
</arguments>
<msg timestamp="20180809 18:09:36.016" level="FAIL">FileNotFoundException: Could not load file or assembly 'Microsoft.VisualStudio.TestTools.UITest.WindowsStoreUtility, Version=15.0.0.0, Culture=neutral, PublicKeyToken=b03f5f7f11d50a3a' or one of its dependencies. The system cannot find the file specified.
   at Microsoft.VisualStudio.TestTools.UITest.Extension.UITestUtilities.GetAppSettings()
   at Microsoft.VisualStudio.TestTools.UITesting.PlaybackSettings.get_Instance()
   at Microsoft.VisualStudio.TestTools.UITesting.CodedUITestMethodInvoker.InvokeMethod[T](Func`1 function, UITestControl control, Boolean firePlaybackErrorEvent, Boolean logAsAction)
   at Microsoft.VisualStudio.TestTools.UITesting.Mouse.Click(UITestControl control, MouseButtons button, ModifierKeys modifierKeys, Point relativeCoordinate)
   at GUILibrary.GUILibrary.Click(String selector, Int32 child) in C:\Users\Alex.Lundberg\SimpleGUI\src\GUILibrary\GUILibrary.cs:line 253</msg>
<status status="FAIL" endtime="20180809 18:09:36.016" starttime="20180809 18:09:35.720"></status>
</kw>
<status status="FAIL" endtime="20180809 18:09:36.016" starttime="20180809 18:09:35.696"></status>
</kw>
<kw type="teardown" name="On the &quot;Phase Fault Detection Current Level (RMS Amps)&quot; field, enter 800 and click the enter key" library="keywords">
<kw name="Write" library="GUILibraryPy">
<arguments>
<arg>${amps}</arg>
<arg>value:${LastAmps}</arg>
</arguments>
<msg timestamp="20180809 18:09:36.811" level="FAIL">ElementNotAvailableException: Could not find an element with value: 800
   at GUILibrary.GUILibrary.FindByValue(String selector) in C:\Users\Alex.Lundberg\SimpleGUI\src\GUILibrary\GUILibrary.cs:line 191
   at GUILibrary.GUILibrary.Search(String selector, Int32 child, Double timeout) in C:\Users\Alex.Lundberg\SimpleGUI\src\GUILibrary\GUILibrary.cs:line 117
   at GUILibrary.GUILibrary.Write(String value, String selector, Int32 child, String mode) in C:\Users\Alex.Lundberg\SimpleGUI\src\GUILibrary\GUILibrary.cs:line 272</msg>
<status status="FAIL" endtime="20180809 18:09:36.811" starttime="20180809 18:09:36.017"></status>
</kw>
<kw name="press">
<arguments>
<arg>enter</arg>
</arguments>
<msg timestamp="20180809 18:09:36.819" level="FAIL">No keyword with name 'press' found.</msg>
<status status="FAIL" endtime="20180809 18:09:36.819" starttime="20180809 18:09:36.818"></status>
</kw>
<kw name="Run Keyword If" library="BuiltIn">
<doc>Runs the given keyword with the given arguments, if ``condition`` is true.</doc>
<arguments>
<arg>${amps}&gt;0 and ${amps}&lt;8400</arg>
<arg>Valid Input</arg>
</arguments>
<kw name="Valid Input" library="keywords">
<kw name="Click" library="GUILibraryPy">
<arguments>
<arg>Validate</arg>
</arguments>
<msg timestamp="20180809 18:09:36.944" level="FAIL">FileNotFoundException: Could not load file or assembly 'Microsoft.VisualStudio.TestTools.UITest.WindowsStoreUtility, Version=15.0.0.0, Culture=neutral, PublicKeyToken=b03f5f7f11d50a3a' or one of its dependencies. The system cannot find the file specified.
   at Microsoft.VisualStudio.TestTools.UITest.Extension.UITestUtilities.GetAppSettings()
   at Microsoft.VisualStudio.TestTools.UITesting.PlaybackSettings.get_Instance()
   at Microsoft.VisualStudio.TestTools.UITesting.CodedUITestMethodInvoker.InvokeMethod[T](Func`1 function, UITestControl control, Boolean firePlaybackErrorEvent, Boolean logAsAction)
   at Microsoft.VisualStudio.TestTools.UITesting.Mouse.Click(UITestControl control, MouseButtons button, ModifierKeys modifierKeys, Point relativeCoordinate)
   at GUILibrary.GUILibrary.Click(String selector, Int32 child) in C:\Users\Alex.Lundberg\SimpleGUI\src\GUILibrary\GUILibrary.cs:line 253</msg>
<status status="FAIL" endtime="20180809 18:09:36.945" starttime="20180809 18:09:36.821"></status>
</kw>
<kw name="Read" library="GUILibraryPy">
<arguments>
<arg>iaccessiblevalue:=Settings Validation Successful</arg>
</arguments>
<msg timestamp="20180809 18:09:36.946" level="FAIL">TypeError: No method matches given arguments</msg>
<status status="FAIL" endtime="20180809 18:09:36.946" starttime="20180809 18:09:36.945"></status>
</kw>
<kw name="Click" library="GUILibraryPy">
<arguments>
<arg>Apply</arg>
</arguments>
<msg timestamp="20180809 18:09:37.051" level="FAIL">FileNotFoundException: Could not load file or assembly 'Microsoft.VisualStudio.TestTools.UITest.WindowsStoreUtility, Version=15.0.0.0, Culture=neutral, PublicKeyToken=b03f5f7f11d50a3a' or one of its dependencies. The system cannot find the file specified.
   at Microsoft.VisualStudio.TestTools.UITest.Extension.UITestUtilities.GetAppSettings()
   at Microsoft.VisualStudio.TestTools.UITesting.PlaybackSettings.get_Instance()
   at Microsoft.VisualStudio.TestTools.UITesting.CodedUITestMethodInvoker.InvokeMethod[T](Func`1 function, UITestControl control, Boolean firePlaybackErrorEvent, Boolean logAsAction)
   at Microsoft.VisualStudio.TestTools.UITesting.Mouse.Click(UITestControl control, MouseButtons button, ModifierKeys modifierKeys, Point relativeCoordinate)
   at GUILibrary.GUILibrary.Click(String selector, Int32 child) in C:\Users\Alex.Lundberg\SimpleGUI\src\GUILibrary\GUILibrary.cs:line 253</msg>
<status status="FAIL" endtime="20180809 18:09:37.051" starttime="20180809 18:09:36.946"></status>
</kw>
<kw name="Read" library="GUILibraryPy">
<arguments>
<arg>iaccessiblevalue:=Settings Applied Successfully</arg>
</arguments>
<msg timestamp="20180809 18:09:37.052" level="FAIL">TypeError: No method matches given arguments</msg>
<status status="FAIL" endtime="20180809 18:09:37.052" starttime="20180809 18:09:37.051"></status>
</kw>
<status status="FAIL" endtime="20180809 18:09:37.052" starttime="20180809 18:09:36.821"></status>
</kw>
<status status="FAIL" endtime="20180809 18:09:37.052" starttime="20180809 18:09:36.819"></status>
</kw>
<kw name="Run Keyword If" library="BuiltIn">
<doc>Runs the given keyword with the given arguments, if ``condition`` is true.</doc>
<arguments>
<arg>${amps}&lt;0 or ${amps}&gt;8400</arg>
<arg>Invalid Input</arg>
</arguments>
<status status="PASS" endtime="20180809 18:09:37.053" starttime="20180809 18:09:37.052"></status>
</kw>
<kw name="Set Variable" library="BuiltIn">
<doc>Returns the given values which can then be assigned to a variables.</doc>
<arguments>
<arg>${amps}</arg>
</arguments>
<assign>
<var>${LastAmps}</var>
</assign>
<msg timestamp="20180809 18:09:37.053" level="INFO">${LastAmps} = 800</msg>
<status status="PASS" endtime="20180809 18:09:37.053" starttime="20180809 18:09:37.053"></status>
</kw>
<kw name="Set Global Variable" library="BuiltIn">
<doc>Makes a variable available globally in all tests and suites.</doc>
<arguments>
<arg>${LastAmps}</arg>
</arguments>
<msg timestamp="20180809 18:09:37.054" level="INFO">${LastAmps} = 800</msg>
<status status="PASS" endtime="20180809 18:09:37.054" starttime="20180809 18:09:37.053"></status>
</kw>
<status status="FAIL" endtime="20180809 18:09:37.054" starttime="20180809 18:09:36.017">Several failures occurred:

1) ElementNotAvailableException: Could not find an element with value: 800
   at GUILibrary.GUILibrary.FindByValue(String selector) in C:\Users\Alex.Lundberg\SimpleGUI\src\GUILibrary\GUILibrary.cs:line 191
   at GUILibrary.GUILibrary.Search(String selector, Int32 child, Double timeout) in C:\Users\Alex.Lundberg\SimpleGUI\src\GUILibrary\GUILibrary.cs:line 117
   at GUILibrary.GUILibrary.Write(String value, String selector, Int32 child, String mode) in C:\Users\Alex.Lundberg\SimpleGUI\src\GUILibrary\GUILibrary.cs:line 272

2) No keyword with name 'press' found.

3) FileNotFoundException: Could not load file or assembly 'Microsoft.VisualStudio.TestTools.UITest.WindowsStoreUtility, Version=15.0.0.0, Culture=neutral, PublicKeyToken=b03f5f7f11d50a3a' or one of its dependencies. The system cannot find the file specified.
   at Microsoft.VisualStudio.TestTools.UITest.Extension.UITestUtilities.GetAppSettings()
   at Microsoft.VisualStudio.TestTools.UITesting.PlaybackSettings.get_Insta...
    [ Message content over the limit has been removed. ]
4) TypeError: No method matches given arguments

5) FileNotFoundException: Could not load file or assembly 'Microsoft.VisualStudio.TestTools.UITest.WindowsStoreUtility, Version=15.0.0.0, Culture=neutral, PublicKeyToken=b03f5f7f11d50a3a' or one of its dependencies. The system cannot find the file specified.
   at Microsoft.VisualStudio.TestTools.UITest.Extension.UITestUtilities.GetAppSettings()
   at Microsoft.VisualStudio.TestTools.UITesting.PlaybackSettings.get_Instance()
   at Microsoft.VisualStudio.TestTools.UITesting.CodedUITestMethodInvoker.InvokeMethod[T](Func`1 function, UITestControl control, Boolean firePlaybackErrorEvent, Boolean logAsAction)
   at Microsoft.VisualStudio.TestTools.UITesting.Mouse.Click(UITestControl control, MouseButtons button, ModifierKeys modifierKeys, Point relativeCoordinate)
   at GUILibrary.GUILibrary.Click(String selector, Int32 child) in C:\Users\Alex.Lundberg\SimpleGUI\src\GUILibrary\GUILibrary.cs:line 253

6) TypeError: No method matches given arguments</status>
</kw>
<status status="FAIL" endtime="20180809 18:09:37.055" critical="yes" starttime="20180809 18:09:35.695">Setup failed:
FileNotFoundException: Could not load file or assembly 'Microsoft.VisualStudio.TestTools.UITest.WindowsStoreUtility, Version=15.0.0.0, Culture=neutral, PublicKeyToken=b03f5f7f11d50a3a' or one of its dependencies. The system cannot find the file specified.
   at Microsoft.VisualStudio.TestTools.UITest.Extension.UITestUtilities.GetAppSettings()
   at Microsoft.VisualStudio.TestTools.UITesting.PlaybackSettings.get_Instance()
   at Microsoft.VisualStudio.TestTools.UITesting.CodedUITestMethodInvoker.InvokeMethod[T](Func`1 function, UITestControl control, Boolean firePlaybackErrorEvent, Boolean logAsAction)
   at Microsoft.VisualStudio.TestTools.UITesting.Mouse.Click(UITestControl control, MouseButtons button, ModifierKeys modifierKeys, Point relativeCoordinate)
   at GUILibrary.GUILibrary.Click(String selector, Int32 child) in C:\Users\Alex.Lundberg\SimpleGUI\src\GUILibrary\GUILibrary.cs:line 253

Also teardown failed:
Several failures occurred:

1) ElementNotAvailableException: Could not find an element with value: 800
   at GUILibrary.GUILibrary.FindByValue(String selector) in C:\Users\Alex.Lundberg\SimpleGUI\src\GUILibrary\GUILibrary.cs:line 191
   at GUILibrary.GUILibrary.Search(String selector, Int32 child, Double timeout) in C:\Users\Alex.Lundberg\SimpleGUI\src\GUILibrary\GUILibrary.cs:line 117
   at GUILibrary.GUILibrary.Write(String value, String selector, Int32 child, String mode) in C:\Users\Alex.Lundberg\SimpleGUI\src\GUILibrary\GUILibrary.cs:line 272

2) No keyword with name 'press' found.

3) FileNotFoundException: Could not load file or assembly 'Microsoft.VisualStudio.TestTools.UITest.WindowsStoreUtility, Version=15.0.0.0, Culture=neutral, PublicKeyToken=b03f5f7f11d50a3a' or one of its dependencies. The system cannot find the file specified.
   at Microsoft.VisualStudio.TestTools.UITest.Extension.UITestUtilities.GetAppSettings()
   at Microsoft.VisualStudio.TestTools.UITesting.PlaybackSettings.get_Insta...
    [ Message content over the limit has been removed. ]
4) TypeError: No method matches given arguments

5) FileNotFoundException: Could not load file or assembly 'Microsoft.VisualStudio.TestTools.UITest.WindowsStoreUtility, Version=15.0.0.0, Culture=neutral, PublicKeyToken=b03f5f7f11d50a3a' or one of its dependencies. The system cannot find the file specified.
   at Microsoft.VisualStudio.TestTools.UITest.Extension.UITestUtilities.GetAppSettings()
   at Microsoft.VisualStudio.TestTools.UITesting.PlaybackSettings.get_Instance()
   at Microsoft.VisualStudio.TestTools.UITesting.CodedUITestMethodInvoker.InvokeMethod[T](Func`1 function, UITestControl control, Boolean firePlaybackErrorEvent, Boolean logAsAction)
   at Microsoft.VisualStudio.TestTools.UITesting.Mouse.Click(UITestControl control, MouseButtons button, ModifierKeys modifierKeys, Point relativeCoordinate)
   at GUILibrary.GUILibrary.Click(String selector, Int32 child) in C:\Users\Alex.Lundberg\SimpleGUI\src\GUILibrary\GUILibrary.cs:line 253

6) TypeError: No method matches given arguments</status>
</test>
<kw type="teardown" name="Close IntelliLink" library="keywords">
<kw name="Terminate All Processes" library="Process">
<doc>Terminates all still running processes started by this library.</doc>
<status status="PASS" endtime="20180809 18:09:37.058" starttime="20180809 18:09:37.058"></status>
</kw>
<status status="PASS" endtime="20180809 18:09:37.058" starttime="20180809 18:09:37.058"></status>
</kw>
<doc>Contains the UI tests under qtest &gt; TAP project &gt; Device Management</doc>
<status status="FAIL" endtime="20180809 18:09:37.058" starttime="20180809 18:09:35.457"></status>
</suite>
<statistics>
<total>
<stat fail="1" pass="0">Critical Tests</stat>
<stat fail="1" pass="0">All Tests</stat>
</total>
<tag>
</tag>
<suite>
<stat fail="1" id="s1" name="Device Management" pass="0">Device Management</stat>
</suite>
</statistics>
<errors>
</errors>
</robot>
